This is pdfTeX, Version 3.1415926-2.5-1.40.14 (TeX Live 2013) (format=pdflatex 2013.11.10)  12 MAY 2014 11:33
entering extended mode
 restricted \write18 enabled.
 %&-line parsing enabled.
**titelseite.tex
(./titelseite.tex
LaTeX2e <2011/06/27>
Babel <3.9f> and hyphenation patterns for 78 languages loaded.
! Undefined control sequence.
l.3 \titlehead
              {%\large\resizebox{!}{0.5cm}{%
The control sequence at the end of the top line
of your error message was never \def'ed. If you have
misspelled it (e.g., `\hobx'), type `I' and the correct
spelling (e.g., `I\hbox'). Otherwise just continue,
and I'll forget about whatever was undefined.

! Undefined control sequence.
l.7 \titlefoot
              {%
The control sequence at the end of the top line
of your error message was never \def'ed. If you have
misspelled it (e.g., `\hobx'), type `I' and the correct
spelling (e.g., `I\hbox'). Otherwise just continue,
and I'll forget about whatever was undefined.

\Prof=\box26
Missing character: There is no P in font nullfont!
Missing character: There is no r in font nullfont!
Missing character: There is no o in font nullfont!
Missing character: There is no f in font nullfont!
Missing character: There is no . in font nullfont!
Missing character: There is no D in font nullfont!
Missing character: There is no r in font nullfont!
Missing character: There is no . in font nullfont!

! LaTeX Error: Environment titlepage undefined.

See the LaTeX manual or LaTeX Companion for explanation.
Type  H <return>  for immediate help.
 ...                                              
                                                  
l.16 \begin{titlepage}
                      
Your command was ignored.
Type  I <command> <return>  to replace it with another command,
or  <return>  to continue without it.


! LaTeX Error: Missing \begin{document}.

See the LaTeX manual or LaTeX Companion for explanation.
Type  H <return>  for immediate help.
 ...                                              
                                                  
l.18 \begin{center}
                   
You're in trouble here.  Try typing  <return>  to proceed.
If that doesn't work, type  X <return>  to quit.


Overfull \hbox (20.0pt too wide) in paragraph at lines 18--18
[] 
 []

! Undefined control sequence.
l.21 {\Huge
           \bfseries Model-independent measurement of the CKM angle $\gamma ...
The control sequence at the end of the top line
of your error message was never \def'ed. If you have
misspelled it (e.g., `\hobx'), type `I' and the correct
spelling (e.g., `I\hbox'). Otherwise just continue,
and I'll forget about whatever was undefined.

LaTeX Font Info:    External font `cmex10' loaded for size
(Font)              <7> on input line 21.
LaTeX Font Info:    External font `cmex10' loaded for size
(Font)              <5> on input line 21.
! Undefined control sequence.
l.21 ... of the CKM angle $\gamma $ through \BToDK
                                                   decays with \lhcb and CLE...
The control sequence at the end of the top line
of your error message was never \def'ed. If you have
misspelled it (e.g., `\hobx'), type `I' and the correct
spelling (e.g., `I\hbox'). Otherwise just continue,
and I'll forget about whatever was undefined.

! Undefined control sequence.
l.21 ...$\gamma $ through \BToDK decays with \lhcb
                                                   and CLEO-c \par}
The control sequence at the end of the top line
of your error message was never \def'ed. If you have
misspelled it (e.g., `\hobx'), type `I' and the correct
spelling (e.g., `I\hbox'). Otherwise just continue,
and I'll forget about whatever was undefined.


Overfull \hbox (35.67343pt too wide) in paragraph at lines 21--21
 \OT1/cmr/bx/n/10 Model- 
 []


Overfull \hbox (61.8122pt too wide) in paragraph at lines 21--21
 \OT1/cmr/bx/n/10 independent 
 []


Overfull \hbox (24.27763pt too wide) in paragraph at lines 21--21
 \OT1/cmr/bx/n/10 mea- 
 []


Overfull \hbox (24.76515pt too wide) in paragraph at lines 21--21
 \OT1/cmr/bx/n/10 sure- 
 []


Overfull \hbox (25.3957pt too wide) in paragraph at lines 21--21
 \OT1/cmr/bx/n/10 ment 
 []


Overfull \hbox (9.26384pt too wide) in paragraph at lines 21--21
 \OT1/cmr/bx/n/10 of 
 []


Overfull \hbox (16.13187pt too wide) in paragraph at lines 21--21
 \OT1/cmr/bx/n/10 the 
 []


Overfull \hbox (28.23596pt too wide) in paragraph at lines 21--21
 \OT1/cmr/bx/n/10 CKM 
 []


Overfull \hbox (15.8124pt too wide) in paragraph at lines 21--21
 \OT1/cmr/bx/n/10 an- 
 []


Overfull \hbox (14.21521pt too wide) in paragraph at lines 21--21
 \OT1/cmr/bx/n/10 gle 
 []


Overfull \hbox (5.73285pt too wide) in paragraph at lines 21--21
 \OML/cmm/m/it/10 ^^M$ 
 []


Overfull \hbox (39.8748pt too wide) in paragraph at lines 21--21
 \OT1/cmr/bx/n/10 through 
 []


Overfull \hbox (15.49298pt too wide) in paragraph at lines 21--21
 \OT1/cmr/bx/n/10 de- 
 []


Overfull \hbox (20.98735pt too wide) in paragraph at lines 21--21
 \OT1/cmr/bx/n/10 cays 
 []


Overfull \hbox (22.361pt too wide) in paragraph at lines 21--21
 \OT1/cmr/bx/n/10 with 
 []


Overfull \hbox (18.36794pt too wide) in paragraph at lines 21--21
 \OT1/cmr/bx/n/10 and 
 []


Overfull \hbox (35.2498pt too wide) in paragraph at lines 21--21
 \OT1/cmr/bx/n/10 CLEO- 
 []


Overfull \hbox (5.11108pt too wide) in paragraph at lines 21--21
 \OT1/cmr/bx/n/10 c 
 []

! Undefined control sequence.
l.23 \large
           { \textbf{Claire Prouve}}\normalsize\\
The control sequence at the end of the top line
of your error message was never \def'ed. If you have
misspelled it (e.g., `\hobx'), type `I' and the correct
spelling (e.g., `I\hbox'). Otherwise just continue,
and I'll forget about whatever was undefined.


! LaTeX Error: The font size command \normalsize is not defined:
               there is probably something wrong with the class file.

See the LaTeX manual or LaTeX Companion for explanation.
Type  H <return>  for immediate help.
 ...                                              
                                                  
l.23 \large{ \textbf{Claire Prouve}}\normalsize
                                               \\
Your command was ignored.
Type  I <command> <return>  to replace it with another command,
or  <return>  to continue without it.


Overfull \hbox (30.2915pt too wide) in paragraph at lines 23--23
 []\OT1/cmr/bx/n/10 Claire 
 []


Overfull \hbox (35.75677pt too wide) in paragraph at lines 23--23
 \OT1/cmr/bx/n/10 Prouve 
 []

! Undefined control sequence.
l.25 \large
           {\textbf{First year report}}\normalsize\\
The control sequence at the end of the top line
of your error message was never \def'ed. If you have
misspelled it (e.g., `\hobx'), type `I' and the correct
spelling (e.g., `I\hbox'). Otherwise just continue,
and I'll forget about whatever was undefined.


! LaTeX Error: The font size command \normalsize is not defined:
               there is probably something wrong with the class file.

See the LaTeX manual or LaTeX Companion for explanation.
Type  H <return>  for immediate help.
 ...                                              
                                                  
l.25 \large{\textbf{First year report}}\normalsize
                                                  \\
Your command was ignored.
Type  I <command> <return>  to replace it with another command,
or  <return>  to continue without it.


Overfull \hbox (24.17487pt too wide) in paragraph at lines 25--25
 []\OT1/cmr/bx/n/10 First 
 []


Overfull \hbox (21.3471pt too wide) in paragraph at lines 25--25
 \OT1/cmr/bx/n/10 year 
 []


Overfull \hbox (13.84023pt too wide) in paragraph at lines 25--25
 \OT1/cmr/bx/n/10 re- 
 []


Overfull \hbox (21.66656pt too wide) in paragraph at lines 25--25
 \OT1/cmr/bx/n/10 port 
 []

Missing character: There is no P in font nullfont!
Missing character: There is no r in font nullfont!
Missing character: There is no e in font nullfont!
Missing character: There is no s in font nullfont!
Missing character: There is no e in font nullfont!
Missing character: There is no n in font nullfont!
Missing character: There is no t in font nullfont!
Missing character: There is no e in font nullfont!
Missing character: There is no d in font nullfont!
Missing character: There is no t in font nullfont!
Missing character: There is no o in font nullfont!
Missing character: There is no t in font nullfont!
Missing character: There is no h in font nullfont!
Missing character: There is no e in font nullfont!
Missing character: There is no S in font nullfont!
Missing character: There is no c in font nullfont!
Missing character: There is no h in font nullfont!
Missing character: There is no o in font nullfont!
Missing character: There is no o in font nullfont!
Missing character: There is no l in font nullfont!
Missing character: There is no o in font nullfont!
Missing character: There is no f in font nullfont!
Missing character: There is no P in font nullfont!
Missing character: There is no h in font nullfont!
Missing character: There is no y in font nullfont!
Missing character: There is no s in font nullfont!
Missing character: There is no i in font nullfont!
Missing character: There is no c in font nullfont!
Missing character: There is no s in font nullfont!
Missing character: There is no o in font nullfont!
Missing character: There is no f in font nullfont!
Missing character: There is no t in font nullfont!
Missing character: There is no h in font nullfont!
Missing character: There is no e in font nullfont!
Missing character: There is no U in font nullfont!
Missing character: There is no n in font nullfont!
Missing character: There is no i in font nullfont!
Missing character: There is no v in font nullfont!
Missing character: There is no e in font nullfont!
Missing character: There is no r in font nullfont!
Missing character: There is no s in font nullfont!
Missing character: There is no i in font nullfont!
Missing character: There is no t in font nullfont!
Missing character: There is no y in font nullfont!
Missing character: There is no o in font nullfont!
Missing character: There is no f in font nullfont!
Missing character: There is no B in font nullfont!
Missing character: There is no r in font nullfont!
Missing character: There is no i in font nullfont!
Missing character: There is no s in font nullfont!
Missing character: There is no t in font nullfont!
Missing character: There is no o in font nullfont!
Missing character: There is no l in font nullfont!

! Package babel Error: You haven't loaded the language british yet.

See the babel package documentation for explanation.
Type  H <return>  for immediate help.
 ...                                              
                                                  
l.32 \selectlanguage{british}
                             
You may proceed, but expect unexpected results


Overfull \hbox (5.74997pt too wide) in paragraph at lines 33--33
 []\OT1/cmr/bx/n/10 2 
 []


Overfull \hbox (21.5971pt too wide) in paragraph at lines 33--33
 \OT1/cmr/bx/n/10 July 
 []


Overfull \hbox (22.99988pt too wide) in paragraph at lines 33--33
 \OT1/cmr/bx/n/10 2013 
 []

Missing character: There is no u in font nullfont!
Missing character: There is no n in font nullfont!
Missing character: There is no d in font nullfont!
Missing character: There is no e in font nullfont!
Missing character: There is no r in font nullfont!
Missing character: There is no s in font nullfont!
Missing character: There is no u in font nullfont!
Missing character: There is no p in font nullfont!
Missing character: There is no e in font nullfont!
Missing character: There is no r in font nullfont!
Missing character: There is no v in font nullfont!
Missing character: There is no i in font nullfont!
Missing character: There is no s in font nullfont!
Missing character: There is no i in font nullfont!
Missing character: There is no o in font nullfont!
Missing character: There is no n in font nullfont!
Missing character: There is no o in font nullfont!
Missing character: There is no f in font nullfont!

Overfull \hbox (16.74992pt too wide) in paragraph at lines 35--35
 []\OT1/cmr/bx/n/10 Dr. 
 []


Overfull \hbox (28.20953pt too wide) in paragraph at lines 35--35
 \OT1/cmr/bx/n/10 Jonas 
 []


Overfull \hbox (61.59688pt too wide) in paragraph at lines 35--35
 \OT1/cmr/bx/n/10 Rademacker 
 []


! Package babel Error: You haven't loaded the language english yet.

See the babel package documentation for explanation.
Type  H <return>  for immediate help.
 ...                                              
                                                  
l.37 \end{center}
                 
You may proceed, but expect unexpected results


! LaTeX Error: \begin{document} ended by \end{titlepage}.

See the LaTeX manual or LaTeX Companion for explanation.
Type  H <return>  for immediate help.
 ...                                              
                                                  
l.41 \end{titlepage}
                    
Your command was ignored.
Type  I <command> <return>  to replace it with another command,
or  <return>  to continue without it.

)
! Emergency stop.
<*> titelseite.tex
                  
*** (job aborted, no legal \end found)

 
Here is how much of TeX's memory you used:
 15 strings out of 493315
 238 string characters out of 6137903
 53158 words of memory out of 5000000
 3566 multiletter control sequences out of 15000+600000
 3948 words of font info for 15 fonts, out of 8000000 for 9000
 957 hyphenation exceptions out of 8191
 18i,1n,12p,155b,149s stack positions out of 5000i,500n,10000p,200000b,80000s
!  ==> Fatal error occurred, no output PDF file produced!
