This is pdfTeX, Version 3.14159265-2.6-1.40.15 (TeX Live 2014) (preloaded format=pdflatex 2014.12.1)  10 FEB 2016 10:59
entering extended mode
 restricted \write18 enabled.
 %&-line parsing enabled.
**main
(./main.tex
LaTeX2e <2014/05/01>
Babel <3.9k> and hyphenation patterns for 78 languages loaded.
(/usr/local/texlive/2014/texmf-dist/tex/latex/base/article.cls
Document Class: article 2007/10/19 v1.4h Standard LaTeX document class
(/usr/local/texlive/2014/texmf-dist/tex/latex/base/size12.clo
File: size12.clo 2007/10/19 v1.4h Standard LaTeX file (size option)
)
\c@part=\count79
\c@section=\count80
\c@subsection=\count81
\c@subsubsection=\count82
\c@paragraph=\count83
\c@subparagraph=\count84
\c@figure=\count85
\c@table=\count86
\abovecaptionskip=\skip41
\belowcaptionskip=\skip42
\bibindent=\dimen102
)
(/usr/local/texlive/2014/texmf-dist/tex/latex/base/ifthen.sty
Package: ifthen 2001/05/26 v1.1c Standard LaTeX ifthen package (DPC)
) (./preamble.tex
(/usr/local/texlive/2014/texmf-dist/tex/latex/microtype/microtype.sty
Package: microtype 2013/05/23 v2.5a Micro-typographical refinements (RS)

(/usr/local/texlive/2014/texmf-dist/tex/latex/graphics/keyval.sty
Package: keyval 2014/05/08 v1.15 key=value parser (DPC)
\KV@toks@=\toks14
)
\MT@toks=\toks15
\MT@count=\count87
LaTeX Info: Redefining \textls on input line 766.
\MT@outer@kern=\dimen103
LaTeX Info: Redefining \textmicrotypecontext on input line 1285.
\MT@listname@count=\count88

(/usr/local/texlive/2014/texmf-dist/tex/latex/microtype/microtype-pdftex.def
File: microtype-pdftex.def 2013/05/23 v2.5a Definitions specific to pdftex (RS)

LaTeX Info: Redefining \lsstyle on input line 915.
LaTeX Info: Redefining \lslig on input line 915.
\MT@outer@space=\skip43
)
Package microtype Info: Loading configuration file microtype.cfg.

(/usr/local/texlive/2014/texmf-dist/tex/latex/microtype/microtype.cfg
File: microtype.cfg 2013/05/23 v2.5a microtype main configuration file (RS)
))
(/usr/local/texlive/2014/texmf-dist/tex/latex/lineno/lineno.sty
Package: lineno 2005/11/02 line numbers on paragraphs v4.41
\linenopenalty=\count89
\output=\toks16
\linenoprevgraf=\count90
\linenumbersep=\dimen104
\linenumberwidth=\dimen105
\c@linenumber=\count91
\c@pagewiselinenumber=\count92
\c@LN@truepage=\count93
\c@internallinenumber=\count94
\c@internallinenumbers=\count95
\quotelinenumbersep=\dimen106
\bframerule=\dimen107
\bframesep=\dimen108
\bframebox=\box26
LaTeX Info: Redefining \\ on input line 3056.
)
(/usr/local/texlive/2014/texmf-dist/tex/latex/tools/xspace.sty
Package: xspace 2009/10/20 v1.13 Space after command names (DPC,MH)
)
(/usr/local/texlive/2014/texmf-dist/tex/latex/caption/caption.sty
Package: caption 2013/05/02 v3.3-89 Customizing captions (AR)

(/usr/local/texlive/2014/texmf-dist/tex/latex/caption/caption3.sty
Package: caption3 2013/05/02 v1.6-88 caption3 kernel (AR)
Package caption3 Info: TeX engine: e-TeX on input line 57.
\captionmargin=\dimen109
\captionmargin@=\dimen110
\captionwidth=\dimen111
\caption@tempdima=\dimen112
\caption@indent=\dimen113
\caption@parindent=\dimen114
\caption@hangindent=\dimen115
)
\c@ContinuedFloat=\count96
)
(/usr/local/texlive/2014/texmf-dist/tex/latex/graphics/graphicx.sty
Package: graphicx 2014/04/25 v1.0g Enhanced LaTeX Graphics (DPC,SPQR)

(/usr/local/texlive/2014/texmf-dist/tex/latex/graphics/graphics.sty
Package: graphics 2009/02/05 v1.0o Standard LaTeX Graphics (DPC,SPQR)

(/usr/local/texlive/2014/texmf-dist/tex/latex/graphics/trig.sty
Package: trig 1999/03/16 v1.09 sin cos tan (DPC)
)
(/usr/local/texlive/2014/texmf-dist/tex/latex/latexconfig/graphics.cfg
File: graphics.cfg 2010/04/23 v1.9 graphics configuration of TeX Live
)
Package graphics Info: Driver file: pdftex.def on input line 91.

(/usr/local/texlive/2014/texmf-dist/tex/latex/pdftex-def/pdftex.def
File: pdftex.def 2011/05/27 v0.06d Graphics/color for pdfTeX

(/usr/local/texlive/2014/texmf-dist/tex/generic/oberdiek/infwarerr.sty
Package: infwarerr 2010/04/08 v1.3 Providing info/warning/error messages (HO)
)
(/usr/local/texlive/2014/texmf-dist/tex/generic/oberdiek/ltxcmds.sty
Package: ltxcmds 2011/11/09 v1.22 LaTeX kernel commands for general use (HO)
)
\Gread@gobject=\count97
))
\Gin@req@height=\dimen116
\Gin@req@width=\dimen117
)
(/usr/local/texlive/2014/texmf-dist/tex/latex/graphics/color.sty
Package: color 2014/04/23 v1.1a Standard LaTeX Color (DPC)

(/usr/local/texlive/2014/texmf-dist/tex/latex/latexconfig/color.cfg
File: color.cfg 2007/01/18 v1.5 color configuration of teTeX/TeXLive
)
Package color Info: Driver file: pdftex.def on input line 137.
)
(/usr/local/texlive/2014/texmf-dist/tex/latex/colortbl/colortbl.sty
Package: colortbl 2012/02/13 v1.0a Color table columns (DPC)

(/usr/local/texlive/2014/texmf-dist/tex/latex/tools/array.sty
Package: array 2008/09/09 v2.4c Tabular extension package (FMi)
\col@sep=\dimen118
\extrarowheight=\dimen119
\NC@list=\toks17
\extratabsurround=\skip44
\backup@length=\skip45
)
\everycr=\toks18
\minrowclearance=\skip46
)
(/usr/local/texlive/2014/texmf-dist/tex/latex/amsmath/amsmath.sty
Package: amsmath 2013/01/14 v2.14 AMS math features
\@mathmargin=\skip47

For additional information on amsmath, use the `?' option.
(/usr/local/texlive/2014/texmf-dist/tex/latex/amsmath/amstext.sty
Package: amstext 2000/06/29 v2.01

(/usr/local/texlive/2014/texmf-dist/tex/latex/amsmath/amsgen.sty
File: amsgen.sty 1999/11/30 v2.0
\@emptytoks=\toks19
\ex@=\dimen120
))
(/usr/local/texlive/2014/texmf-dist/tex/latex/amsmath/amsbsy.sty
Package: amsbsy 1999/11/29 v1.2d
\pmbraise@=\dimen121
)
(/usr/local/texlive/2014/texmf-dist/tex/latex/amsmath/amsopn.sty
Package: amsopn 1999/12/14 v2.01 operator names
)
\inf@bad=\count98
LaTeX Info: Redefining \frac on input line 210.
\uproot@=\count99
\leftroot@=\count100
LaTeX Info: Redefining \overline on input line 306.
\classnum@=\count101
\DOTSCASE@=\count102
LaTeX Info: Redefining \ldots on input line 378.
LaTeX Info: Redefining \dots on input line 381.
LaTeX Info: Redefining \cdots on input line 466.
\Mathstrutbox@=\box27
\strutbox@=\box28
\big@size=\dimen122
LaTeX Font Info:    Redeclaring font encoding OML on input line 566.
LaTeX Font Info:    Redeclaring font encoding OMS on input line 567.
\macc@depth=\count103
\c@MaxMatrixCols=\count104
\dotsspace@=\muskip10
\c@parentequation=\count105
\dspbrk@lvl=\count106
\tag@help=\toks20
\row@=\count107
\column@=\count108
\maxfields@=\count109
\andhelp@=\toks21
\eqnshift@=\dimen123
\alignsep@=\dimen124
\tagshift@=\dimen125
\tagwidth@=\dimen126
\totwidth@=\dimen127
\lineht@=\dimen128
\@envbody=\toks22
\multlinegap=\skip48
\multlinetaggap=\skip49
\mathdisplay@stack=\toks23
LaTeX Info: Redefining \[ on input line 2665.
LaTeX Info: Redefining \] on input line 2666.
)
(/usr/local/texlive/2014/texmf-dist/tex/latex/amsfonts/amssymb.sty
Package: amssymb 2013/01/14 v3.01 AMS font symbols

(/usr/local/texlive/2014/texmf-dist/tex/latex/amsfonts/amsfonts.sty
Package: amsfonts 2013/01/14 v3.01 Basic AMSFonts support
\symAMSa=\mathgroup4
\symAMSb=\mathgroup5
LaTeX Font Info:    Overwriting math alphabet `\mathfrak' in version `bold'
(Font)                  U/euf/m/n --> U/euf/b/n on input line 106.
))
(/usr/local/texlive/2014/texmf-dist/tex/latex/was/upgreek.sty
Package: upgreek 2003/02/12 v2.0 (WaS)
Package upgreek Info: Using Euler Roman for upright Greek on input line 31.
\symugrf@m=\mathgroup6
LaTeX Font Info:    Overwriting symbol font `ugrf@m' in version `bold'
(Font)                  U/eur/m/n --> U/eur/b/n on input line 38.
)
(/usr/local/texlive/2014/texmf-dist/tex/latex/hyperref/hyperref.sty
Package: hyperref 2012/11/06 v6.83m Hypertext links for LaTeX

(/usr/local/texlive/2014/texmf-dist/tex/generic/oberdiek/hobsub-hyperref.sty
Package: hobsub-hyperref 2012/05/28 v1.13 Bundle oberdiek, subset hyperref (HO)


(/usr/local/texlive/2014/texmf-dist/tex/generic/oberdiek/hobsub-generic.sty
Package: hobsub-generic 2012/05/28 v1.13 Bundle oberdiek, subset generic (HO)
Package: hobsub 2012/05/28 v1.13 Construct package bundles (HO)
Package hobsub Info: Skipping package `infwarerr' (already loaded).
Package hobsub Info: Skipping package `ltxcmds' (already loaded).
Package: ifluatex 2010/03/01 v1.3 Provides the ifluatex switch (HO)
Package ifluatex Info: LuaTeX not detected.
Package: ifvtex 2010/03/01 v1.5 Detect VTeX and its facilities (HO)
Package ifvtex Info: VTeX not detected.
Package: intcalc 2007/09/27 v1.1 Expandable calculations with integers (HO)
Package: ifpdf 2011/01/30 v2.3 Provides the ifpdf switch (HO)
Package ifpdf Info: pdfTeX in PDF mode is detected.
Package: etexcmds 2011/02/16 v1.5 Avoid name clashes with e-TeX commands (HO)
Package etexcmds Info: Could not find \expanded.
(etexcmds)             That can mean that you are not using pdfTeX 1.50 or
(etexcmds)             that some package has redefined \expanded.
(etexcmds)             In the latter case, load this package earlier.
Package: kvsetkeys 2012/04/25 v1.16 Key value parser (HO)
Package: kvdefinekeys 2011/04/07 v1.3 Define keys (HO)
Package: pdftexcmds 2011/11/29 v0.20 Utility functions of pdfTeX for LuaTeX (HO
)
Package pdftexcmds Info: LuaTeX not detected.
Package pdftexcmds Info: \pdf@primitive is available.
Package pdftexcmds Info: \pdf@ifprimitive is available.
Package pdftexcmds Info: \pdfdraftmode found.
Package: pdfescape 2011/11/25 v1.13 Implements pdfTeX's escape features (HO)
Package: bigintcalc 2012/04/08 v1.3 Expandable calculations on big integers (HO
)
Package: bitset 2011/01/30 v1.1 Handle bit-vector datatype (HO)
Package: uniquecounter 2011/01/30 v1.2 Provide unlimited unique counter (HO)
)
Package hobsub Info: Skipping package `hobsub' (already loaded).
Package: letltxmacro 2010/09/02 v1.4 Let assignment for LaTeX macros (HO)
Package: hopatch 2012/05/28 v1.2 Wrapper for package hooks (HO)
Package: xcolor-patch 2011/01/30 xcolor patch
Package: atveryend 2011/06/30 v1.8 Hooks at the very end of document (HO)
Package atveryend Info: \enddocument detected (standard20110627).
Package: atbegshi 2011/10/05 v1.16 At begin shipout hook (HO)
Package: refcount 2011/10/16 v3.4 Data extraction from label references (HO)
Package: hycolor 2011/01/30 v1.7 Color options for hyperref/bookmark (HO)
)
(/usr/local/texlive/2014/texmf-dist/tex/generic/ifxetex/ifxetex.sty
Package: ifxetex 2010/09/12 v0.6 Provides ifxetex conditional
)
(/usr/local/texlive/2014/texmf-dist/tex/latex/oberdiek/auxhook.sty
Package: auxhook 2011/03/04 v1.3 Hooks for auxiliary files (HO)
)
(/usr/local/texlive/2014/texmf-dist/tex/latex/oberdiek/kvoptions.sty
Package: kvoptions 2011/06/30 v3.11 Key value format for package options (HO)
)
\@linkdim=\dimen129
\Hy@linkcounter=\count110
\Hy@pagecounter=\count111

(/usr/local/texlive/2014/texmf-dist/tex/latex/hyperref/pd1enc.def
File: pd1enc.def 2012/11/06 v6.83m Hyperref: PDFDocEncoding definition (HO)
)
\Hy@SavedSpaceFactor=\count112

(/usr/local/texlive/2014/texmf-dist/tex/latex/latexconfig/hyperref.cfg
File: hyperref.cfg 2002/06/06 v1.2 hyperref configuration of TeXLive
)
Package hyperref Info: Hyper figures OFF on input line 4443.
Package hyperref Info: Link nesting OFF on input line 4448.
Package hyperref Info: Hyper index ON on input line 4451.
Package hyperref Info: Plain pages OFF on input line 4458.
Package hyperref Info: Backreferencing OFF on input line 4463.
Package hyperref Info: Implicit mode ON; LaTeX internals redefined.
Package hyperref Info: Bookmarks ON on input line 4688.
\c@Hy@tempcnt=\count113

(/usr/local/texlive/2014/texmf-dist/tex/latex/url/url.sty
\Urlmuskip=\muskip11
Package: url 2013/09/16  ver 3.4  Verb mode for urls, etc.
)
LaTeX Info: Redefining \url on input line 5041.
\XeTeXLinkMargin=\dimen130
\Fld@menulength=\count114
\Field@Width=\dimen131
\Fld@charsize=\dimen132
Package hyperref Info: Hyper figures OFF on input line 6295.
Package hyperref Info: Link nesting OFF on input line 6300.
Package hyperref Info: Hyper index ON on input line 6303.
Package hyperref Info: backreferencing OFF on input line 6310.
Package hyperref Info: Link coloring OFF on input line 6315.
Package hyperref Info: Link coloring with OCG OFF on input line 6320.
Package hyperref Info: PDF/A mode OFF on input line 6325.
LaTeX Info: Redefining \ref on input line 6365.
LaTeX Info: Redefining \pageref on input line 6369.
\Hy@abspage=\count115
\c@Item=\count116
\c@Hfootnote=\count117
)

Package hyperref Message: Driver (autodetected): hpdftex.

(/usr/local/texlive/2014/texmf-dist/tex/latex/hyperref/hpdftex.def
File: hpdftex.def 2012/11/06 v6.83m Hyperref driver for pdfTeX
\Fld@listcount=\count118
\c@bookmark@seq@number=\count119

(/usr/local/texlive/2014/texmf-dist/tex/latex/oberdiek/rerunfilecheck.sty
Package: rerunfilecheck 2011/04/15 v1.7 Rerun checks for auxiliary files (HO)
Package uniquecounter Info: New unique counter `rerunfilecheck' on input line 2
82.
)
\Hy@SectionHShift=\skip50
)
(/usr/local/texlive/2014/texmf-dist/tex/latex/oberdiek/hypcap.sty
Package: hypcap 2011/02/16 v1.11 Adjusting the anchors of captions (HO)
)
(./lhcb-symbols-def.tex) (./cite.sty
LaTeX Info: Redefining \cite on input line 302.
LaTeX Info: Redefining \nocite on input line 373.
Package: cite 2010/09/10  v 5.3
) (./mciteplus.sty
Package: mciteplus 2008/09/30 v1.1 enhanced mcite
\@mcitetmptoksA=\toks24
\@mcitetmpdima=\dimen133
\@mcitetmpdimb=\dimen134
\@mcitetmpcnta=\count120
\@mcitetmpcntb=\count121
\c@mcitebibitemcount=\count122
\c@mcitesubitemcount=\count123

** mciteplus: Detected cite.sty. Invoking hooks.
)) (/usr/local/texlive/2014/texmf-dist/tex/latex/cleveref/cleveref.sty
Package: cleveref 2013/12/28 v0.19 Intelligent cross-referencing
Package cleveref Info: `hyperref' support loaded on input line 2230.
LaTeX Info: Redefining \cref on input line 2230.
LaTeX Info: Redefining \Cref on input line 2230.
LaTeX Info: Redefining \crefrange on input line 2230.
LaTeX Info: Redefining \Crefrange on input line 2230.
LaTeX Info: Redefining \cpageref on input line 2230.
LaTeX Info: Redefining \Cpageref on input line 2230.
LaTeX Info: Redefining \cpagerefrange on input line 2230.
LaTeX Info: Redefining \Cpagerefrange on input line 2230.
LaTeX Info: Redefining \labelcref on input line 2230.
LaTeX Info: Redefining \labelcpageref on input line 2230.
)
(/usr/local/texlive/2014/texmf-dist/tex/latex/tools/longtable.sty
Package: longtable 2004/02/01 v4.11 Multi-page Table package (DPC)
\LTleft=\skip51
\LTright=\skip52
\LTpre=\skip53
\LTpost=\skip54
\LTchunksize=\count124
\LTcapwidth=\dimen135
\LT@head=\box29
\LT@firsthead=\box30
\LT@foot=\box31
\LT@lastfoot=\box32
\LT@cols=\count125
\LT@rows=\count126
\c@LT@tables=\count127
\c@LT@chunks=\count128
\LT@p@ftn=\toks25
) (./main.aux)
\openout1 = `main.aux'.

LaTeX Font Info:    Checking defaults for OML/cmm/m/it on input line 32.
LaTeX Font Info:    ... okay on input line 32.
LaTeX Font Info:    Checking defaults for T1/cmr/m/n on input line 32.
LaTeX Font Info:    ... okay on input line 32.
LaTeX Font Info:    Checking defaults for OT1/cmr/m/n on input line 32.
LaTeX Font Info:    ... okay on input line 32.
LaTeX Font Info:    Checking defaults for OMS/cmsy/m/n on input line 32.
LaTeX Font Info:    ... okay on input line 32.
LaTeX Font Info:    Checking defaults for OMX/cmex/m/n on input line 32.
LaTeX Font Info:    ... okay on input line 32.
LaTeX Font Info:    Checking defaults for U/cmr/m/n on input line 32.
LaTeX Font Info:    ... okay on input line 32.
LaTeX Font Info:    Checking defaults for PD1/pdf/m/n on input line 32.
LaTeX Font Info:    ... okay on input line 32.
LaTeX Info: Redefining \microtypecontext on input line 32.
Package microtype Info: Generating PDF output.
Package microtype Info: Character protrusion enabled (level 2).
Package microtype Info: Using default protrusion set `alltext'.
Package microtype Info: Automatic font expansion enabled (level 2),
(microtype)             stretch: 20, shrink: 20, step: 1, non-selected.
Package microtype Info: Using default expansion set `basictext'.
Package microtype Info: No adjustment of tracking.
Package microtype Info: No adjustment of interword spacing.
Package microtype Info: No adjustment of character kerning.
(/usr/local/texlive/2014/texmf-dist/tex/latex/microtype/mt-cmr.cfg
File: mt-cmr.cfg 2013/05/19 v2.2 microtype config. file: Computer Modern Roman 
(RS)
)
Package caption Info: Begin \AtBeginDocument code.
Package caption Info: hyperref package is loaded.
Package caption Info: hypcap package is loaded.
Package caption Info: longtable package is loaded.

(/usr/local/texlive/2014/texmf-dist/tex/latex/caption/ltcaption.sty
Package: ltcaption 2013/02/03 v1.3-62 longtable captions (AR)
)
Package caption Info: End \AtBeginDocument code.

(/usr/local/texlive/2014/texmf-dist/tex/context/base/supp-pdf.mkii
[Loading MPS to PDF converter (version 2006.09.02).]
\scratchcounter=\count129
\scratchdimen=\dimen136
\scratchbox=\box33
\nofMPsegments=\count130
\nofMParguments=\count131
\everyMPshowfont=\toks26
\MPscratchCnt=\count132
\MPscratchDim=\dimen137
\MPnumerator=\count133
\makeMPintoPDFobject=\count134
\everyMPtoPDFconversion=\toks27
) (/usr/local/texlive/2014/texmf-dist/tex/latex/oberdiek/epstopdf-base.sty
Package: epstopdf-base 2010/02/09 v2.5 Base part for package epstopdf

(/usr/local/texlive/2014/texmf-dist/tex/latex/oberdiek/grfext.sty
Package: grfext 2010/08/19 v1.1 Manage graphics extensions (HO)
)
Package grfext Info: Graphics extension search list:
(grfext)             [.png,.pdf,.jpg,.mps,.jpeg,.jbig2,.jb2,.PNG,.PDF,.JPG,.JPE
G,.JBIG2,.JB2,.eps]
(grfext)             \AppendGraphicsExtensions on input line 452.

(/usr/local/texlive/2014/texmf-dist/tex/latex/latexconfig/epstopdf-sys.cfg
File: epstopdf-sys.cfg 2010/07/13 v1.3 Configuration of (r)epstopdf for TeX Liv
e
))
\AtBeginShipoutBox=\box34
Package hyperref Info: Link coloring OFF on input line 32.

(/usr/local/texlive/2014/texmf-dist/tex/latex/hyperref/nameref.sty
Package: nameref 2012/10/27 v2.43 Cross-referencing by name of section

(/usr/local/texlive/2014/texmf-dist/tex/generic/oberdiek/gettitlestring.sty
Package: gettitlestring 2010/12/03 v1.4 Cleanup title references (HO)
)
\c@section@level=\count135
)
LaTeX Info: Redefining \ref on input line 32.
LaTeX Info: Redefining \pageref on input line 32.
LaTeX Info: Redefining \nameref on input line 32.

(./main.out) (./main.out)
\@outlinefile=\write3
\openout3 = `main.out'.

 (./title-LHCb-PAPER.tex
LaTeX Font Info:    Try loading font information for U+msa on input line 19.

(/usr/local/texlive/2014/texmf-dist/tex/latex/amsfonts/umsa.fd
File: umsa.fd 2013/01/14 v3.01 AMS symbols A
)
(/usr/local/texlive/2014/texmf-dist/tex/latex/microtype/mt-msa.cfg
File: mt-msa.cfg 2006/02/04 v1.1 microtype config. file: AMS symbols (a) (RS)
)
LaTeX Font Info:    Try loading font information for U+msb on input line 19.

(/usr/local/texlive/2014/texmf-dist/tex/latex/amsfonts/umsb.fd
File: umsb.fd 2013/01/14 v3.01 AMS symbols B
)
(/usr/local/texlive/2014/texmf-dist/tex/latex/microtype/mt-msb.cfg
File: mt-msb.cfg 2005/06/01 v1.0 microtype config. file: AMS symbols (b) (RS)
)
(/usr/local/texlive/2014/texmf-dist/tex/latex/microtype/mt-eur.cfg
File: mt-eur.cfg 2006/07/31 v1.1 microtype config. file: AMS Euler Roman (RS)
)
<./figs/lhcb-logo.pdf, id=108, 614.295pt x 794.97pt>
File: ./figs/lhcb-logo.pdf Graphic file (type pdf)

<use ./figs/lhcb-logo.pdf>
Package pdftex.def Info: ./figs/lhcb-logo.pdf used on input line 22.
(pdftex.def)             Requested size: 63.73389pt x 82.47356pt.
LaTeX Font Info:    Try loading font information for OMS+cmr on input line 66.

(/usr/local/texlive/2014/texmf-dist/tex/latex/base/omscmr.fd
File: omscmr.fd 1999/05/25 v2.5h Standard LaTeX font definitions
)
LaTeX Font Info:    Font shape `OMS/cmr/m/n' in size <10> not available
(Font)              Font shape `OMS/cmsy/m/n' tried instead on input line 66.
 [1

{/usr/local/texlive/2014/texmf-var/fonts/map/pdftex/updmap/pdftex.map} <./figs/
lhcb-logo.pdf>] [2]) (./introduction.tex
Package microtype Info: Loading generic settings for font family
(microtype)             `cmss' (encoding: OT1).
(microtype)             For optimal results, create family-specific settings.
(microtype)             See the microtype manual for details.
) (./detector.tex [1

]
Package microtype Info: Loading generic settings for font family
(microtype)             `cmtt' (encoding: OT1).
(microtype)             For optimal results, create family-specific settings.
(microtype)             See the microtype manual for details.

Underfull \hbox (badness 1033) in paragraph at lines 8--38
[]\OT1/cmr/m/n/12 (+20) The [] de-tec-tor [[]1[], []2[]] is a single-arm for-wa
rd spec-trom-e-ter cov-er-ing the
 []

) (./strategy.tex <../figures/trigger.png, id=152, 452.69125pt x 677.53125pt>
File: ../figures/trigger.png Graphic file (type png)

<use ../figures/trigger.png>
Package pdftex.def Info: ../figures/trigger.png used on input line 25.
(pdftex.def)             Requested size: 168.0pt x 251.43733pt.

Underfull \hbox (badness 1859) in paragraph at lines 30--30
[]\OT1/cmr/m/n/10.95 (+20) Figure 1: |[][][]Trig-ger strat-egy for
 []


LaTeX Warning: `h' float specifier changed to `ht'.

[2] [3 <../figures/trigger.png>]

LaTeX Warning: Citation `Sean' on page 4 undefined on input line 118.

) (./raison-d-etre.tex
<../figures/Upsilon1.pdf, id=178, 351.00034pt x 221.74142pt>
File: ../figures/Upsilon1.pdf Graphic file (type pdf)

<use ../figures/Upsilon1.pdf>
Package pdftex.def Info: ../figures/Upsilon1.pdf used on input line 17.
(pdftex.def)             Requested size: 227.62204pt x 143.802pt.

<../figures/Upsilon2.pdf, id=179, 351.00034pt x 220.83704pt>
File: ../figures/Upsilon2.pdf Graphic file (type pdf)

<use ../figures/Upsilon2.pdf>
Package pdftex.def Info: ../figures/Upsilon2.pdf used on input line 21.
(pdftex.def)             Requested size: 227.62204pt x 143.2155pt.

Overfull \hbox (24.0pt too wide) in paragraph at lines 16--26
[]$[]$ $[]$ 
 []


LaTeX Warning: `h' float specifier changed to `ht'.

<../figures/PID1.pdf, id=181, 569.12625pt x 385.44pt>
File: ../figures/PID1.pdf Graphic file (type pdf)

<use ../figures/PID1.pdf>
Package pdftex.def Info: ../figures/PID1.pdf used on input line 38.
(pdftex.def)             Requested size: 227.62204pt x 154.15562pt.

<../figures/PID2.pdf, id=183, 569.12625pt x 385.44pt>
File: ../figures/PID2.pdf Graphic file (type pdf)

<use ../figures/PID2.pdf>
Package pdftex.def Info: ../figures/PID2.pdf used on input line 41.
(pdftex.def)             Requested size: 227.62204pt x 154.15562pt.

Overfull \hbox (24.0pt too wide) in paragraph at lines 37--54
[]$[]$ $[]$ 
 []

[4] <../figures/kkk_PIDK_trigger_log.pdf, id=193, 569.12625pt x 387.4475pt>
File: ../figures/kkk_PIDK_trigger_log.pdf Graphic file (type pdf)

<use ../figures/kkk_PIDK_trigger_log.pdf>
Package pdftex.def Info: ../figures/kkk_PIDK_trigger_log.pdf used on input line
 59.
(pdftex.def)             Requested size: 227.62204pt x 154.95851pt.

<../figures/ppp_PIDK_trigger.pdf, id=194, 569.12625pt x 387.4475pt>
File: ../figures/ppp_PIDK_trigger.pdf Graphic file (type pdf)

<use ../figures/ppp_PIDK_trigger.pdf>
Package pdftex.def Info: ../figures/ppp_PIDK_trigger.pdf used on input line 62.

(pdftex.def)             Requested size: 227.62204pt x 154.95851pt.

Overfull \hbox (24.0pt too wide) in paragraph at lines 58--64
[]$[]$ $[]$ 
 []


LaTeX Warning: `h' float specifier changed to `ht'.

[5 <../figures/Upsilon1.pdf> <../figures/Upsilon2.pdf

pdfTeX warning: pdflatex (file ../figures/Upsilon2.pdf): PDF inclusion: multipl
e pdfs with page group included in a single page
> <../figures/PID1.pdf> <../figures/PID2.pdf>]

pdfTeX warning: pdflatex (file ../figures/alignStability.pdf): PDF inclusion: f
ound PDF version <1.6>, but at most version <1.5> allowed
<../figures/alignStability.pdf, id=224, 569.12625pt x 265.99374pt>
File: ../figures/alignStability.pdf Graphic file (type pdf)

<use ../figures/alignStability.pdf>
Package pdftex.def Info: ../figures/alignStability.pdf used on input line 99.
(pdftex.def)             Requested size: 240.0pt x 112.17117pt.
 [6 <../figures/kkk_PIDK_trigger_log.pdf, page is rotated 90 degrees> <../figur
es/ppp_PIDK_trigger.pdf, page is rotated 90 degrees> <../figures/alignStability
.pdf, page is rotated 90 degrees>]
<../figures/JPsi1.png, id=328, 992.70876pt x 791.95876pt>
File: ../figures/JPsi1.png Graphic file (type png)

<use ../figures/JPsi1.png>
Package pdftex.def Info: ../figures/JPsi1.png used on input line 118.
(pdftex.def)             Requested size: 227.62204pt x 181.5908pt.
 <../figures/JPsi2.png, id=329, 963.6pt x 794.97pt>
File: ../figures/JPsi2.png Graphic file (type png)

<use ../figures/JPsi2.png>
Package pdftex.def Info: ../figures/JPsi2.png used on input line 121.
(pdftex.def)             Requested size: 227.62204pt x 187.78839pt.

Overfull \hbox (24.0pt too wide) in paragraph at lines 117--127
[]$[]$ $[]$ 
 []


LaTeX Warning: Citation `PDG' on page 7 undefined on input line 127.


LaTeX Warning: Citation `PDG' on page 7 undefined on input line 127.

) (./online-framework.tex [7 <../figures/JPsi1.png> <../figures/JPsi2.png>]
<../figures/FSM.pdf, id=337, 208.07436pt x 211.64972pt>
File: ../figures/FSM.pdf Graphic file (type pdf)

<use ../figures/FSM.pdf>
Package pdftex.def Info: ../figures/FSM.pdf used on input line 31.
(pdftex.def)             Requested size: 142.26378pt x 144.71434pt.
) [8 <../figures/FSM.pdf>] (./tasks.tex)
(./trackingalignment.tex

LaTeX Warning: Citation `Hulsbergen' on page 9 undefined on input line 11.


LaTeX Warning: Citation `AlignConstraints' on page 9 undefined on input line 11
.

[9]) (./richalignment.tex
<../figures/RichMissAlign.png, id=363, 611.28375pt x 578.16pt>
File: ../figures/RichMissAlign.png Graphic file (type png)

<use ../figures/RichMissAlign.png>
Package pdftex.def Info: ../figures/RichMissAlign.png used on input line 15.
(pdftex.def)             Requested size: 318.66946pt x 301.39479pt.


LaTeX Warning: `h' float specifier changed to `ht'.

<../figures/RichMirror1.png, id=368, 569.12625pt x 359.3425pt>
File: ../figures/RichMirror1.png Graphic file (type png)

<use ../figures/RichMirror1.png>
Package pdftex.def Info: ../figures/RichMirror1.png used on input line 37.
(pdftex.def)             Requested size: 227.62204pt x 143.718pt.

<../figures/RichMirror2.png, id=369, 569.12625pt x 359.3425pt>
File: ../figures/RichMirror2.png Graphic file (type png)

<use ../figures/RichMirror2.png>
Package pdftex.def Info: ../figures/RichMirror2.png used on input line 40.
(pdftex.def)             Requested size: 227.62204pt x 143.718pt.

Overfull \hbox (24.0pt too wide) in paragraph at lines 36--44
[]$[]$ $[]$ 
 []

) (./richcalibration.tex
Underfull \hbox (badness 10000) in paragraph at lines 29--1

 []


Underfull \hbox (badness 10000) in paragraph at lines 29--1

 []

[10] [11 <../figures/RichMissAlign.png (PNG copy)>] [12 <../figures/RichMirror1
.png> <../figures/RichMirror2.png>]

pdfTeX warning: pdflatex (file ../figures/RichCalibration.pdf): PDF inclusion: 
found PDF version <1.6>, but at most version <1.5> allowed
<../figures/RichCalibration.pdf, id=391, 681.17365pt x 216.00157pt>
File: ../figures/RichCalibration.pdf Graphic file (type pdf)

<use ../figures/RichCalibration.pdf>
Package pdftex.def Info: ../figures/RichCalibration.pdf used on input line 23.
(pdftex.def)             Requested size: 227.62204pt x 72.17722pt.


LaTeX Warning: Citation `Sobel' on page 13 undefined on input line 33.



pdfTeX warning: pdflatex (file ../figures/RichHPDCalibration.pdf): PDF inclusio
n: found PDF version <1.6>, but at most version <1.5> allowed
<../figures/RichHPDCalibration.pdf, id=394, 697.3531pt x 150.47316pt>
File: ../figures/RichHPDCalibration.pdf Graphic file (type pdf)

<use ../figures/RichHPDCalibration.pdf>
Package pdftex.def Info: ../figures/RichHPDCalibration.pdf used on input line 4
1.
(pdftex.def)             Requested size: 227.62204pt x 49.11443pt.
) (./otcalibration.tex
<../figures/OT_fit.pdf, id=395, 569.12625pt x 444.66125pt>
File: ../figures/OT_fit.pdf Graphic file (type pdf)

<use ../figures/OT_fit.pdf>
Package pdftex.def Info: ../figures/OT_fit.pdf used on input line 6.
(pdftex.def)             Requested size: 227.62204pt x 177.84099pt.


LaTeX Warning: `h' float specifier changed to `ht'.

[13 <../figures/RichCalibration.pdf> <../figures/RichHPDCalibration.pdf>]

pdfTeX warning: pdflatex (file ../figures/OTt0calibration2015.pdf): PDF inclusi
on: found PDF version <1.6>, but at most version <1.5> allowed
<../figures/OTt0calibration2015.pdf, id=462, 736.64107pt x 345.89023pt>
File: ../figures/OTt0calibration2015.pdf Graphic file (type pdf)

<use ../figures/OTt0calibration2015.pdf>
Package pdftex.def Info: ../figures/OTt0calibration2015.pdf used on input line 
58.
(pdftex.def)             Requested size: 284.52756pt x 133.59828pt.


LaTeX Warning: `h' float specifier changed to `ht'.

) (./calocalibration.tex [14 <../figures/OT_fit.pdf, page is rotated 90 degrees
>]

pdfTeX warning: pdflatex (file ../figures/CaloStability2012.pdf): PDF inclusion
: found PDF version <1.6>, but at most version <1.5> allowed
<../figures/CaloStability2012.pdf, id=512, 300.94534pt x 177.97893pt>
File: ../figures/CaloStability2012.pdf Graphic file (type pdf)

<use ../figures/CaloStability2012.pdf>
Package pdftex.def Info: ../figures/CaloStability2012.pdf used on input line 25
.
(pdftex.def)             Requested size: 227.62204pt x 134.61632pt.


pdfTeX warning: pdflatex (file ../figures/CaloStability2015.pdf): PDF inclusion
: found PDF version <1.6>, but at most version <1.5> allowed
<../figures/CaloStability2015.pdf, id=513, 298.0776pt x 170.32996pt>
File: ../figures/CaloStability2015.pdf Graphic file (type pdf)

<use ../figures/CaloStability2015.pdf>
Package pdftex.def Info: ../figures/CaloStability2015.pdf used on input line 28
.
(pdftex.def)             Requested size: 227.62204pt x 130.07587pt.

Overfull \hbox (24.0pt too wide) in paragraph at lines 24--30
[]$[]$ $[]$ 
 []

[15 <../figures/OTt0calibration2015.pdf> <../figures/CaloStability2012.pdf> <..
/figures/CaloStability2015.pdf>]

pdfTeX warning: pdflatex (file ../figures/CaloPi0Calibration2015.pdf): PDF incl
usion: found PDF version <1.6>, but at most version <1.5> allowed
<../figures/CaloPi0Calibration2015.pdf, id=625, 298.51907pt x 231.37212pt>
File: ../figures/CaloPi0Calibration2015.pdf Graphic file (type pdf)

<use ../figures/CaloPi0Calibration2015.pdf>
Package pdftex.def Info: ../figures/CaloPi0Calibration2015.pdf used on input li
ne 40.
(pdftex.def)             Requested size: 227.62204pt x 176.42361pt.
) (./scheduling.tex)
(./propagation.tex [16 <../figures/CaloPi0Calibration2015.pdf>]) (./physics.tex

Underfull \hbox (badness 10000) in paragraph at lines 2--3

 []

) (./conclusion.tex [17]) (./acknowledgements.tex) (./main.bbl [18]) [19]
Package atveryend Info: Empty hook `BeforeClearDocument' on input line 117.
Package atveryend Info: Empty hook `AfterLastShipout' on input line 117.

(./main.aux)
Package atveryend Info: Executing hook `AtVeryEndDocument' on input line 117.
Package atveryend Info: Executing hook `AtEndAfterFileList' on input line 117.
Package rerunfilecheck Info: File `main.out' has not changed.
(rerunfilecheck)             Checksum: 6C538D8A15B37BE15A9C95F372EB976D;1757.


LaTeX Warning: There were undefined references.

Package atveryend Info: Empty hook `AtVeryVeryEnd' on input line 117.
 ) 
Here is how much of TeX's memory you used:
 12063 strings out of 493117
 190442 string characters out of 6135433
 331381 words of memory out of 5000000
 15089 multiletter control sequences out of 15000+600000
 18146 words of font info for 122 fonts, out of 8000000 for 9000
 1141 hyphenation exceptions out of 8191
 38i,12n,39p,1260b,528s stack positions out of 5000i,500n,10000p,200000b,80000s
</usr/local/texlive/2014/texmf-dist/fonts/type1/public/amsfonts/cm/cmbx10.pfb
></usr/local/texlive/2014/texmf-dist/fonts/type1/public/amsfonts/cm/cmbx12.pfb>
</usr/local/texlive/2014/texmf-dist/fonts/type1/public/amsfonts/cm/cmcsc10.pfb>
</usr/local/texlive/2014/texmf-dist/fonts/type1/public/amsfonts/cm/cmex10.pfb><
/usr/local/texlive/2014/texmf-dist/fonts/type1/public/amsfonts/cm/cmmi10.pfb></
usr/local/texlive/2014/texmf-dist/fonts/type1/public/amsfonts/cm/cmmi12.pfb></u
sr/local/texlive/2014/texmf-dist/fonts/type1/public/amsfonts/cm/cmmi8.pfb></usr
/local/texlive/2014/texmf-dist/fonts/type1/public/amsfonts/cm/cmr10.pfb></usr/l
ocal/texlive/2014/texmf-dist/fonts/type1/public/amsfonts/cm/cmr12.pfb></usr/loc
al/texlive/2014/texmf-dist/fonts/type1/public/amsfonts/cm/cmr6.pfb></usr/local/
texlive/2014/texmf-dist/fonts/type1/public/amsfonts/cm/cmr8.pfb></usr/local/tex
live/2014/texmf-dist/fonts/type1/public/amsfonts/cm/cmss8.pfb></usr/local/texli
ve/2014/texmf-dist/fonts/type1/public/amsfonts/cm/cmsy10.pfb></usr/local/texliv
e/2014/texmf-dist/fonts/type1/public/amsfonts/cm/cmsy8.pfb></usr/local/texlive/
2014/texmf-dist/fonts/type1/public/amsfonts/cm/cmti12.pfb></usr/local/texlive/2
014/texmf-dist/fonts/type1/public/amsfonts/cm/cmtt12.pfb></usr/local/texlive/20
14/texmf-dist/fonts/type1/public/amsfonts/euler/eurm10.pfb></usr/local/texlive/
2014/texmf-dist/fonts/type1/urw/palatino/uplr8a.pfb>
Output written on main.pdf (21 pages, 2286553 bytes).
PDF statistics:
 789 PDF objects out of 1000 (max. 8388607)
 537 compressed objects within 6 object streams
 82 named destinations out of 1000 (max. 500000)
 17727 words of extra memory for PDF output out of 20736 (max. 10000000)

